2025-08-13T01:17:19.796+08:00  INFO 22664 --- [HOA-server] [main] o.c.hoaserver.HoaServerApplicationTests  : Starting HoaServerApplicationTests using Java 17.0.14 with PID 22664 (started by hp in D:\IdeaProjects\HOA-Music\HOA-server)
2025-08-13T01:17:19.801+08:00  INFO 22664 --- [HOA-server] [main] o.c.hoaserver.HoaServerApplicationTests  : The following 1 profile is active: "dev"
2025-08-13T01:17:20.438+08:00  INFO 22664 --- [HOA-server] [main] .s.d.r.c.RepositoryConfigurationDelegate : Multiple Spring Data modules found, entering strict repository configuration mode
2025-08-13T01:17:20.443+08:00  INFO 22664 --- [HOA-server] [main] .s.d.r.c.RepositoryConfigurationDelegate : Bootstrapping Spring Data Redis repositories in DEFAULT mode.
2025-08-13T01:17:20.465+08:00  INFO 22664 --- [HOA-server] [main] .s.d.r.c.RepositoryConfigurationDelegate : Finished Spring Data repository scanning in 5 ms. Found 0 Redis repository interfaces.
2025-08-13T01:17:20.600+08:00  WARN 22664 --- [HOA-server] [main] o.m.s.mapper.ClassPathMapperScanner      : No MyBatis mapper was found in '[org.csu.hoaserver]' package. Please check your configuration.
2025-08-13T01:17:21.156+08:00  INFO 22664 --- [HOA-server] [main] o.c.hoaserver.config.RedisConfiguration  : 开始创建redis模板对象...
2025-08-13T01:17:21.257+08:00  WARN 22664 --- [HOA-server] [main] .s.s.UserDetailsServiceAutoConfiguration : 

Using generated security password: 5436cc1a-d14c-4e41-b541-2459125c52cc

This generated password is for development use only. Your security configuration must be updated before running your application in production.

2025-08-13T01:17:21.267+08:00  INFO 22664 --- [HOA-server] [main] r$InitializeUserDetailsManagerConfigurer : Global AuthenticationManager configured with UserDetailsService bean with name inMemoryUserDetailsManager
2025-08-13T01:17:22.360+08:00  INFO 22664 --- [HOA-server] [main] o.c.hoaserver.HoaServerApplicationTests  : Started HoaServerApplicationTests in 2.844 seconds (process running for 3.614)
2025-08-13T01:38:26.500+08:00  INFO 26976 --- [HOA-server] [main] o.c.hoaserver.HoaServerApplicationTests  : Starting HoaServerApplicationTests using Java 17.0.14 with PID 26976 (started by hp in D:\IdeaProjects\HOA-Music\HOA-server)
2025-08-13T01:38:26.501+08:00  INFO 26976 --- [HOA-server] [main] o.c.hoaserver.HoaServerApplicationTests  : The following 1 profile is active: "dev"
2025-08-13T01:38:27.080+08:00  INFO 26976 --- [HOA-server] [main] .s.d.r.c.RepositoryConfigurationDelegate : Multiple Spring Data modules found, entering strict repository configuration mode
2025-08-13T01:38:27.082+08:00  INFO 26976 --- [HOA-server] [main] .s.d.r.c.RepositoryConfigurationDelegate : Bootstrapping Spring Data Redis repositories in DEFAULT mode.
2025-08-13T01:38:27.102+08:00  INFO 26976 --- [HOA-server] [main] .s.d.r.c.RepositoryConfigurationDelegate : Finished Spring Data repository scanning in 4 ms. Found 0 Redis repository interfaces.
2025-08-13T01:38:27.237+08:00  WARN 26976 --- [HOA-server] [main] o.m.s.mapper.ClassPathMapperScanner      : No MyBatis mapper was found in '[org.csu.hoaserver]' package. Please check your configuration.
2025-08-13T01:38:27.773+08:00  INFO 26976 --- [HOA-server] [main] o.c.hoaserver.config.RedisConfiguration  : 开始创建redis模板对象...
2025-08-13T01:38:27.873+08:00  WARN 26976 --- [HOA-server] [main] .s.s.UserDetailsServiceAutoConfiguration : 

Using generated security password: 164a88ad-757c-4348-ab98-29ea3c65ee28

This generated password is for development use only. Your security configuration must be updated before running your application in production.

2025-08-13T01:38:27.881+08:00  INFO 26976 --- [HOA-server] [main] r$InitializeUserDetailsManagerConfigurer : Global AuthenticationManager configured with UserDetailsService bean with name inMemoryUserDetailsManager
2025-08-13T01:38:28.881+08:00  INFO 26976 --- [HOA-server] [main] o.c.hoaserver.HoaServerApplicationTests  : Started HoaServerApplicationTests in 2.655 seconds (process running for 3.371)
2025-08-13T01:39:36.135+08:00  INFO 24212 --- [HOA-server] [main] o.c.hoaserver.HoaServerApplicationTests  : Starting HoaServerApplicationTests using Java 17.0.14 with PID 24212 (started by hp in D:\IdeaProjects\HOA-Music\HOA-server)
2025-08-13T01:39:36.136+08:00  INFO 24212 --- [HOA-server] [main] o.c.hoaserver.HoaServerApplicationTests  : The following 1 profile is active: "dev"
2025-08-13T01:39:36.763+08:00  INFO 24212 --- [HOA-server] [main] .s.d.r.c.RepositoryConfigurationDelegate : Multiple Spring Data modules found, entering strict repository configuration mode
2025-08-13T01:39:36.767+08:00  INFO 24212 --- [HOA-server] [main] .s.d.r.c.RepositoryConfigurationDelegate : Bootstrapping Spring Data Redis repositories in DEFAULT mode.
2025-08-13T01:39:36.788+08:00  INFO 24212 --- [HOA-server] [main] .s.d.r.c.RepositoryConfigurationDelegate : Finished Spring Data repository scanning in 5 ms. Found 0 Redis repository interfaces.
2025-08-13T01:39:36.928+08:00  WARN 24212 --- [HOA-server] [main] o.m.s.mapper.ClassPathMapperScanner      : No MyBatis mapper was found in '[org.csu.hoaserver]' package. Please check your configuration.
2025-08-13T01:39:37.454+08:00  INFO 24212 --- [HOA-server] [main] o.c.hoaserver.config.RedisConfiguration  : 开始创建redis模板对象...
2025-08-13T01:39:37.547+08:00  WARN 24212 --- [HOA-server] [main] .s.s.UserDetailsServiceAutoConfiguration : 

Using generated security password: d56e6faf-0268-4cee-a645-62d163c26d6f

This generated password is for development use only. Your security configuration must be updated before running your application in production.

2025-08-13T01:39:37.559+08:00  INFO 24212 --- [HOA-server] [main] r$InitializeUserDetailsManagerConfigurer : Global AuthenticationManager configured with UserDetailsService bean with name inMemoryUserDetailsManager
2025-08-13T01:39:38.480+08:00  INFO 24212 --- [HOA-server] [main] o.c.hoaserver.HoaServerApplicationTests  : Started HoaServerApplicationTests in 2.606 seconds (process running for 3.298)
2025-08-13T02:09:36.311+08:00  INFO 28124 --- [HOA-server] [main] o.c.hoaserver.HoaServerApplicationTests  : Starting HoaServerApplicationTests using Java 17.0.14 with PID 28124 (started by hp in D:\IdeaProjects\HOA-Music\HOA-server)
2025-08-13T02:09:36.314+08:00  INFO 28124 --- [HOA-server] [main] o.c.hoaserver.HoaServerApplicationTests  : The following 1 profile is active: "dev"
2025-08-13T02:09:36.952+08:00  INFO 28124 --- [HOA-server] [main] .s.d.r.c.RepositoryConfigurationDelegate : Multiple Spring Data modules found, entering strict repository configuration mode
2025-08-13T02:09:36.955+08:00  INFO 28124 --- [HOA-server] [main] .s.d.r.c.RepositoryConfigurationDelegate : Bootstrapping Spring Data Redis repositories in DEFAULT mode.
2025-08-13T02:09:36.978+08:00  INFO 28124 --- [HOA-server] [main] .s.d.r.c.RepositoryConfigurationDelegate : Finished Spring Data repository scanning in 5 ms. Found 0 Redis repository interfaces.
2025-08-13T02:09:37.123+08:00  WARN 28124 --- [HOA-server] [main] o.m.s.mapper.ClassPathMapperScanner      : No MyBatis mapper was found in '[org.csu.hoaserver]' package. Please check your configuration.
2025-08-13T02:09:37.760+08:00  INFO 28124 --- [HOA-server] [main] o.c.hoaserver.config.RedisConfiguration  : 开始创建redis模板对象...
2025-08-13T02:09:37.858+08:00  WARN 28124 --- [HOA-server] [main] .s.s.UserDetailsServiceAutoConfiguration : 

Using generated security password: 465fabb4-6130-4a69-b6d9-abb5cd9a504b

This generated password is for development use only. Your security configuration must be updated before running your application in production.

2025-08-13T02:09:37.868+08:00  INFO 28124 --- [HOA-server] [main] r$InitializeUserDetailsManagerConfigurer : Global AuthenticationManager configured with UserDetailsService bean with name inMemoryUserDetailsManager
2025-08-13T02:09:38.762+08:00  INFO 28124 --- [HOA-server] [main] o.c.hoaserver.HoaServerApplicationTests  : Started HoaServerApplicationTests in 2.753 seconds (process running for 3.549)
2025-08-13T02:10:25.322+08:00  INFO 6456 --- [HOA-server] [main] o.c.hoaserver.HoaServerApplicationTests  : Starting HoaServerApplicationTests using Java 17.0.14 with PID 6456 (started by hp in D:\IdeaProjects\HOA-Music\HOA-server)
2025-08-13T02:10:25.322+08:00  INFO 6456 --- [HOA-server] [main] o.c.hoaserver.HoaServerApplicationTests  : The following 1 profile is active: "dev"
2025-08-13T02:10:25.877+08:00  INFO 6456 --- [HOA-server] [main] .s.d.r.c.RepositoryConfigurationDelegate : Multiple Spring Data modules found, entering strict repository configuration mode
2025-08-13T02:10:25.880+08:00  INFO 6456 --- [HOA-server] [main] .s.d.r.c.RepositoryConfigurationDelegate : Bootstrapping Spring Data Redis repositories in DEFAULT mode.
2025-08-13T02:10:25.899+08:00  INFO 6456 --- [HOA-server] [main] .s.d.r.c.RepositoryConfigurationDelegate : Finished Spring Data repository scanning in 4 ms. Found 0 Redis repository interfaces.
2025-08-13T02:10:26.032+08:00  WARN 6456 --- [HOA-server] [main] o.m.s.mapper.ClassPathMapperScanner      : No MyBatis mapper was found in '[org.csu.hoaserver]' package. Please check your configuration.
2025-08-13T02:10:26.588+08:00  INFO 6456 --- [HOA-server] [main] o.c.hoaserver.config.RedisConfiguration  : 开始创建redis模板对象...
2025-08-13T02:10:26.697+08:00  WARN 6456 --- [HOA-server] [main] .s.s.UserDetailsServiceAutoConfiguration : 

Using generated security password: 7766f7cf-c270-45b6-a00f-bf2f5e1c922c

This generated password is for development use only. Your security configuration must be updated before running your application in production.

2025-08-13T02:10:26.706+08:00  INFO 6456 --- [HOA-server] [main] r$InitializeUserDetailsManagerConfigurer : Global AuthenticationManager configured with UserDetailsService bean with name inMemoryUserDetailsManager
2025-08-13T02:10:27.609+08:00  INFO 6456 --- [HOA-server] [main] o.c.hoaserver.HoaServerApplicationTests  : Started HoaServerApplicationTests in 2.563 seconds (process running for 3.262)
2025-08-13T02:11:44.128+08:00  INFO 10852 --- [HOA-server] [main] o.c.hoaserver.HoaServerApplicationTests  : Starting HoaServerApplicationTests using Java 17.0.14 with PID 10852 (started by hp in D:\IdeaProjects\HOA-Music\HOA-server)
2025-08-13T02:11:44.129+08:00  INFO 10852 --- [HOA-server] [main] o.c.hoaserver.HoaServerApplicationTests  : The following 1 profile is active: "dev"
2025-08-13T02:11:44.698+08:00  INFO 10852 --- [HOA-server] [main] .s.d.r.c.RepositoryConfigurationDelegate : Multiple Spring Data modules found, entering strict repository configuration mode
2025-08-13T02:11:44.701+08:00  INFO 10852 --- [HOA-server] [main] .s.d.r.c.RepositoryConfigurationDelegate : Bootstrapping Spring Data Redis repositories in DEFAULT mode.
2025-08-13T02:11:44.722+08:00  INFO 10852 --- [HOA-server] [main] .s.d.r.c.RepositoryConfigurationDelegate : Finished Spring Data repository scanning in 5 ms. Found 0 Redis repository interfaces.
2025-08-13T02:11:44.847+08:00  WARN 10852 --- [HOA-server] [main] o.m.s.mapper.ClassPathMapperScanner      : No MyBatis mapper was found in '[org.csu.hoaserver]' package. Please check your configuration.
2025-08-13T02:11:45.363+08:00  INFO 10852 --- [HOA-server] [main] o.c.hoaserver.config.RedisConfiguration  : 开始创建redis模板对象...
2025-08-13T02:11:45.457+08:00  WARN 10852 --- [HOA-server] [main] .s.s.UserDetailsServiceAutoConfiguration : 

Using generated security password: 139bcbaf-e017-4acf-984e-8f97ce7b9489

This generated password is for development use only. Your security configuration must be updated before running your application in production.

2025-08-13T02:11:45.465+08:00  INFO 10852 --- [HOA-server] [main] r$InitializeUserDetailsManagerConfigurer : Global AuthenticationManager configured with UserDetailsService bean with name inMemoryUserDetailsManager
2025-08-13T02:11:46.224+08:00  INFO 10852 --- [HOA-server] [main] o.c.hoaserver.HoaServerApplicationTests  : Started HoaServerApplicationTests in 2.365 seconds (process running for 3.053)
